<?xml version="1.0" encoding="UTF-8"?>
<coverage generated="1787113913750" clover="3.2.0">
  <project timestamp="1787113913750" name="All files">
    <metrics statements="20" coveredstatements="18" conditionals="6" coveredconditionals="4" methods="4" coveredmethods="4" elements="30" coveredelements="26" complexity="0" loc="20" ncloc="20" packages="1" files="1" classes="1"/>
    <file name="LoginForm.jsx" path="D:\Lok-Lagbe\frontend\src\components\LoginForm.jsx">
      <metrics statements="20" coveredstatements="18" conditionals="6" coveredconditionals="4" methods="4" coveredmethods="4"/>
      <line num="26" count="38" type="stmt"/>
      <line num="30" count="38" type="stmt"/>
      <line num="32" count="38" type="stmt"/>
      <line num="34" count="38" type="stmt"/>
      <line num="36" count="38" type="stmt"/>
      <line num="45" count="38" type="stmt"/>
      <line num="48" count="1" type="stmt"/>
      <line num="51" count="1" type="stmt"/>
      <line num="53" count="1" type="stmt"/>
      <line num="59" count="1" type="stmt"/>
      <line num="62" count="1" type="stmt"/>
      <line num="74" count="1" type="cond" truecount="1" falsecount="1"/>
      <line num="77" count="1" type="stmt"/>
      <line num="84" count="1" type="stmt"/>
      <line num="91" count="0" type="stmt"/>
      <line num="109" count="0" type="stmt"/>
      <line num="120" count="1" type="stmt"/>
      <line num="136" count="38" type="stmt"/>
      <line num="219" count="10" type="stmt"/>
      <line num="278" count="22" type="stmt"/>
    </file>
  </project>
</coverage>
