{"D:\\Lok-Lagbe\\frontend\\src\\components\\LoginForm.jsx": {"path":"D:\\Lok-Lagbe\\frontend\\src\\components\\LoginForm.jsx","statementMap":{"0":{"start":{"line":26,"column":21},"end":{"line":26,"column":33}},"1":{"start":{"line":30,"column":36},"end":{"line":30,"column":null}},"2":{"start":{"line":32,"column":36},"end":{"line":32,"column":null}},"3":{"start":{"line":34,"column":30},"end":{"line":34,"column":null}},"4":{"start":{"line":36,"column":34},"end":{"line":36,"column":null}},"5":{"start":{"line":45,"column":25},"end":{"line":126,"column":null}},"6":{"start":{"line":48,"column":8},"end":{"line":48,"column":null}},"7":{"start":{"line":51,"column":8},"end":{"line":51,"column":null}},"8":{"start":{"line":53,"column":8},"end":{"line":53,"column":null}},"9":{"start":{"line":59,"column":8},"end":{"line":123,"column":null}},"10":{"start":{"line":62,"column":29},"end":{"line":68,"column":null}},"11":{"start":{"line":74,"column":12},"end":{"line":98,"column":null}},"12":{"start":{"line":77,"column":16},"end":{"line":81,"column":null}},"13":{"start":{"line":84,"column":16},"end":{"line":84,"column":null}},"14":{"start":{"line":91,"column":16},"end":{"line":95,"column":null}},"15":{"start":{"line":109,"column":12},"end":{"line":113,"column":null}},"16":{"start":{"line":120,"column":12},"end":{"line":120,"column":null}},"17":{"start":{"line":136,"column":4},"end":{"line":393,"column":null}},"18":{"start":{"line":219,"column":28},"end":{"line":223,"column":null}},"19":{"start":{"line":278,"column":28},"end":{"line":282,"column":null}}},"fnMap":{"0":{"name":"LoginForm","decl":{"start":{"line":22,"column":9},"end":{"line":22,"column":21}},"loc":{"start":{"line":22,"column":21},"end":{"line":398,"column":null}},"line":22},"1":{"name":"(anonymous_1)","decl":{"start":{"line":45,"column":25},"end":{"line":45,"column":32}},"loc":{"start":{"line":45,"column":42},"end":{"line":126,"column":null}},"line":45},"2":{"name":"(anonymous_2)","decl":{"start":{"line":217,"column":24},"end":{"line":217,"column":35}},"loc":{"start":{"line":219,"column":28},"end":{"line":223,"column":null}},"line":219},"3":{"name":"(anonymous_3)","decl":{"start":{"line":276,"column":24},"end":{"line":276,"column":35}},"loc":{"start":{"line":278,"column":28},"end":{"line":282,"column":null}},"line":278}},"branchMap":{"0":{"loc":{"start":{"line":74,"column":12},"end":{"line":98,"column":null}},"type":"if","locations":[{"start":{"line":74,"column":12},"end":{"line":98,"column":null}},{"start":{"line":88,"column":19},"end":{"line":98,"column":null}}],"line":74},"1":{"loc":{"start":{"line":344,"column":25},"end":{"line":344,"column":null}},"type":"cond-expr","locations":[{"start":{"line":344,"column":35},"end":{"line":344,"column":53}},{"start":{"line":344,"column":53},"end":{"line":344,"column":null}}],"line":344},"2":{"loc":{"start":{"line":367,"column":20},"end":{"line":374,"column":null}},"type":"binary-expr","locations":[{"start":{"line":367,"column":20},"end":{"line":367,"column":null}},{"start":{"line":370,"column":24},"end":{"line":374,"column":null}}],"line":367}},"s":{"0":38,"1":38,"2":38,"3":38,"4":38,"5":38,"6":1,"7":1,"8":1,"9":1,"10":1,"11":1,"12":1,"13":1,"14":0,"15":0,"16":1,"17":38,"18":10,"19":22},"f":{"0":38,"1":1,"2":10,"3":22},"b":{"0":[1,0],"1":[1,37],"2":[38,0]},"meta":{"lastBranch":3,"lastFunction":4,"lastStatement":20,"seen":{"f:22:9:22:21":0,"s:26:21:26:33":0,"s:30:36:30:Infinity":1,"s:32:36:32:Infinity":2,"s:34:30:34:Infinity":3,"s:36:34:36:Infinity":4,"s:45:25:126:Infinity":5,"f:45:25:45:32":1,"s:48:8:48:Infinity":6,"s:51:8:51:Infinity":7,"s:53:8:53:Infinity":8,"s:59:8:123:Infinity":9,"s:62:29:68:Infinity":10,"b:74:12:98:Infinity:88:19:98:Infinity":0,"s:74:12:98:Infinity":11,"s:77:16:81:Infinity":12,"s:84:16:84:Infinity":13,"s:91:16:95:Infinity":14,"s:109:12:113:Infinity":15,"s:120:12:120:Infinity":16,"s:136:4:393:Infinity":17,"f:217:24:217:35":2,"s:219:28:223:Infinity":18,"f:276:24:276:35":3,"s:278:28:282:Infinity":19,"b:344:35:344:53:344:53:344:Infinity":1,"b:367:20:367:Infinity:370:24:374:Infinity":2},"fnNames":{}}}
}
